<?xml version="1.0" encoding="UTF-8"?>
<testsuite xmlns:xsi="http://www.w3.org/2001/XMLSchema-instance" xsi:noNamespaceSchemaLocation="https://maven.apache.org/surefire/maven-surefire-plugin/xsd/surefire-test-report-3.0.xsd" version="3.0" name="de.krenbeh.gui.automaton.AutomatonTest" time="0.045" tests="14" errors="0" skipped="0" failures="0">
  <properties>
    <property name="java.specification.version" value="23"/>
    <property name="sun.cpu.isalist" value="amd64"/>
    <property name="sun.jnu.encoding" value="Cp1252"/>
    <property name="java.class.path" value="C:\Users\Manar\Desktop\Uni\Fortgeschrittene Java Technologien\ManarKrenbehSimulator\target\test-classes;C:\Users\Manar\Desktop\Uni\Fortgeschrittene Java Technologien\ManarKrenbehSimulator\target\classes;C:\Users\Manar\.m2\repository\org\openjfx\javafx-controls\22\javafx-controls-22.jar;C:\Users\Manar\.m2\repository\org\openjfx\javafx-controls\22\javafx-controls-22-win.jar;C:\Users\Manar\.m2\repository\org\openjfx\javafx-fxml\22\javafx-fxml-22.jar;C:\Users\Manar\.m2\repository\org\openjfx\javafx-fxml\22\javafx-fxml-22-win.jar;C:\Users\Manar\.m2\repository\org\openjfx\javafx-web\22\javafx-web-22.jar;C:\Users\Manar\.m2\repository\org\openjfx\javafx-web\22\javafx-web-22-win.jar;C:\Users\Manar\.m2\repository\org\openjfx\javafx-swing\22\javafx-swing-22.jar;C:\Users\Manar\.m2\repository\org\openjfx\javafx-swing\22\javafx-swing-22-win.jar;C:\Users\Manar\.m2\repository\org\openjfx\javafx-graphics\22\javafx-graphics-22.jar;C:\Users\Manar\.m2\repository\org\openjfx\javafx-graphics\22\javafx-graphics-22-win.jar;C:\Users\Manar\.m2\repository\org\openjfx\javafx-base\22\javafx-base-22.jar;C:\Users\Manar\.m2\repository\org\openjfx\javafx-base\22\javafx-base-22-win.jar;C:\Users\Manar\.m2\repository\org\openjfx\javafx-media\22\javafx-media-22.jar;C:\Users\Manar\.m2\repository\org\openjfx\javafx-media\22\javafx-media-22-win.jar;C:\Users\Manar\.m2\repository\org\junit\jupiter\junit-jupiter\5.8.1\junit-jupiter-5.8.1.jar;C:\Users\Manar\.m2\repository\org\junit\jupiter\junit-jupiter-api\5.8.1\junit-jupiter-api-5.8.1.jar;C:\Users\Manar\.m2\repository\org\opentest4j\opentest4j\1.2.0\opentest4j-1.2.0.jar;C:\Users\Manar\.m2\repository\org\junit\platform\junit-platform-commons\1.8.1\junit-platform-commons-1.8.1.jar;C:\Users\Manar\.m2\repository\org\apiguardian\apiguardian-api\1.1.2\apiguardian-api-1.1.2.jar;C:\Users\Manar\.m2\repository\org\junit\jupiter\junit-jupiter-params\5.8.1\junit-jupiter-params-5.8.1.jar;C:\Users\Manar\.m2\repository\org\junit\jupiter\junit-jupiter-engine\5.8.1\junit-jupiter-engine-5.8.1.jar;C:\Users\Manar\.m2\repository\org\junit\platform\junit-platform-engine\1.8.1\junit-platform-engine-1.8.1.jar;"/>
    <property name="java.vm.vendor" value="Oracle Corporation"/>
    <property name="sun.arch.data.model" value="64"/>
    <property name="user.variant" value=""/>
    <property name="java.vendor.url" value="https://java.oracle.com/"/>
    <property name="user.timezone" value="Europe/Berlin"/>
    <property name="os.name" value="Windows 10"/>
    <property name="java.vm.specification.version" value="23"/>
    <property name="sun.java.launcher" value="SUN_STANDARD"/>
    <property name="user.country" value="DE"/>
    <property name="sun.boot.library.path" value="C:\Program Files\Java\jdk-23\bin"/>
    <property name="sun.java.command" value="C:\Users\Manar\AppData\Local\Temp\surefire10229214502526026811\surefirebooter-20241120192720326_3.jar C:\Users\Manar\AppData\Local\Temp\surefire10229214502526026811 2024-11-20T19-27-20_160-jvmRun1 surefire-20241120192720326_1tmp surefire_0-20241120192720326_2tmp"/>
    <property name="jdk.debug" value="release"/>
    <property name="surefire.test.class.path" value="C:\Users\Manar\Desktop\Uni\Fortgeschrittene Java Technologien\ManarKrenbehSimulator\target\test-classes;C:\Users\Manar\Desktop\Uni\Fortgeschrittene Java Technologien\ManarKrenbehSimulator\target\classes;C:\Users\Manar\.m2\repository\org\openjfx\javafx-controls\22\javafx-controls-22.jar;C:\Users\Manar\.m2\repository\org\openjfx\javafx-controls\22\javafx-controls-22-win.jar;C:\Users\Manar\.m2\repository\org\openjfx\javafx-fxml\22\javafx-fxml-22.jar;C:\Users\Manar\.m2\repository\org\openjfx\javafx-fxml\22\javafx-fxml-22-win.jar;C:\Users\Manar\.m2\repository\org\openjfx\javafx-web\22\javafx-web-22.jar;C:\Users\Manar\.m2\repository\org\openjfx\javafx-web\22\javafx-web-22-win.jar;C:\Users\Manar\.m2\repository\org\openjfx\javafx-swing\22\javafx-swing-22.jar;C:\Users\Manar\.m2\repository\org\openjfx\javafx-swing\22\javafx-swing-22-win.jar;C:\Users\Manar\.m2\repository\org\openjfx\javafx-graphics\22\javafx-graphics-22.jar;C:\Users\Manar\.m2\repository\org\openjfx\javafx-graphics\22\javafx-graphics-22-win.jar;C:\Users\Manar\.m2\repository\org\openjfx\javafx-base\22\javafx-base-22.jar;C:\Users\Manar\.m2\repository\org\openjfx\javafx-base\22\javafx-base-22-win.jar;C:\Users\Manar\.m2\repository\org\openjfx\javafx-media\22\javafx-media-22.jar;C:\Users\Manar\.m2\repository\org\openjfx\javafx-media\22\javafx-media-22-win.jar;C:\Users\Manar\.m2\repository\org\junit\jupiter\junit-jupiter\5.8.1\junit-jupiter-5.8.1.jar;C:\Users\Manar\.m2\repository\org\junit\jupiter\junit-jupiter-api\5.8.1\junit-jupiter-api-5.8.1.jar;C:\Users\Manar\.m2\repository\org\opentest4j\opentest4j\1.2.0\opentest4j-1.2.0.jar;C:\Users\Manar\.m2\repository\org\junit\platform\junit-platform-commons\1.8.1\junit-platform-commons-1.8.1.jar;C:\Users\Manar\.m2\repository\org\apiguardian\apiguardian-api\1.1.2\apiguardian-api-1.1.2.jar;C:\Users\Manar\.m2\repository\org\junit\jupiter\junit-jupiter-params\5.8.1\junit-jupiter-params-5.8.1.jar;C:\Users\Manar\.m2\repository\org\junit\jupiter\junit-jupiter-engine\5.8.1\junit-jupiter-engine-5.8.1.jar;C:\Users\Manar\.m2\repository\org\junit\platform\junit-platform-engine\1.8.1\junit-platform-engine-1.8.1.jar;"/>
    <property name="sun.cpu.endian" value="little"/>
    <property name="user.home" value="C:\Users\Manar"/>
    <property name="user.language" value="de"/>
    <property name="java.specification.vendor" value="Oracle Corporation"/>
    <property name="java.version.date" value="2024-09-17"/>
    <property name="java.home" value="C:\Program Files\Java\jdk-23"/>
    <property name="file.separator" value="\"/>
    <property name="basedir" value="C:\Users\Manar\Desktop\Uni\Fortgeschrittene Java Technologien\ManarKrenbehSimulator"/>
    <property name="java.vm.compressedOopsMode" value="Zero based"/>
    <property name="line.separator" value="&#10;"/>
    <property name="java.vm.specification.vendor" value="Oracle Corporation"/>
    <property name="java.specification.name" value="Java Platform API Specification"/>
    <property name="surefire.real.class.path" value="C:\Users\Manar\AppData\Local\Temp\surefire10229214502526026811\surefirebooter-20241120192720326_3.jar"/>
    <property name="user.script" value=""/>
    <property name="sun.management.compiler" value="HotSpot 64-Bit Tiered Compilers"/>
    <property name="java.runtime.version" value="23+37-2369"/>
    <property name="user.name" value="Manar"/>
    <property name="stdout.encoding" value="Cp1252"/>
    <property name="path.separator" value=";"/>
    <property name="os.version" value="10.0"/>
    <property name="java.runtime.name" value="Java(TM) SE Runtime Environment"/>
    <property name="file.encoding" value="UTF-8"/>
    <property name="java.vm.name" value="Java HotSpot(TM) 64-Bit Server VM"/>
    <property name="localRepository" value="C:\Users\Manar\.m2\repository"/>
    <property name="java.vendor.url.bug" value="https://bugreport.java.com/bugreport/"/>
    <property name="java.io.tmpdir" value="C:\Users\Manar\AppData\Local\Temp\"/>
    <property name="java.version" value="23"/>
    <property name="user.dir" value="C:\Users\Manar\Desktop\Uni\Fortgeschrittene Java Technologien\ManarKrenbehSimulator"/>
    <property name="os.arch" value="amd64"/>
    <property name="java.vm.specification.name" value="Java Virtual Machine Specification"/>
    <property name="sun.os.patch.level" value=""/>
    <property name="native.encoding" value="Cp1252"/>
    <property name="java.library.path" value="C:\Program Files\Java\jdk-23\bin;C:\Windows\Sun\Java\bin;C:\Windows\system32;C:\Windows;C:\Program Files\ImageMagick-7.1.1-Q16;C:\Program Files\Common Files\Oracle\Java\javapath;C:\Program Files (x86)\Common Files\Oracle\Java\java8path;C:\Program Files (x86)\Common Files\Oracle\Java\javapath;C:\Windows\system32;C:\Windows;C:\Windows\System32\Wbem;C:\Windows\System32\WindowsPowerShell\v1.0\;C:\Windows\System32\OpenSSH\;C:\Program Files\MySQL\MySQL Server 8.0\bin;C:\Program Files\Microsoft SQL Server\120\Tools\Binn\;C:\Users\Manar\AppData\Local\Programs\Python\Python311\;C:\Users\Manar\AppData\Local\Programs\Python\Python311\Scripts\;C:\Program Files\Java\jdk-23\bin\;C:\Program Files (x86)\Microsoft SQL Server\160\Tools\Binn\;C:\Program Files\Microsoft SQL Server\160\Tools\Binn\;C:\Program Files\Microsoft SQL Server\Client SDK\ODBC\170\Tools\Binn\;C:\Program Files\Microsoft SQL Server\160\DTS\Binn\;C:\Program Files (x86)\Microsoft SQL Server\160\DTS\Binn\;C:\Program Files\Azure Data Studio\bin;C:\Program Files\nodejs\;C:\ProgramData\chocolatey\bin;C:\Program Files (x86)\SMLNJ\bin\;C:\Program Files\Git\cmd;C:\Program Files\MATLAB\R2024b\runtime\win64;C:\Program Files\MATLAB\R2024b\bin;C:\Program Files\apache-maven-3.9.9-bin\apache-maven-3.9.9\bin;C:\Program Files\Java\jdk-23;C:\Users\Manar\AppData\Local\Programs\Python\Python312\Scripts\;C:\Users\Manar\AppData\Local\Programs\Python\Python312\;C:\Program Files\MySQL\MySQL Shell 8.0\bin\;C:\Program Files\Java\jdk-16.0.1\bin;C:\Program Files\Java\jdk-19\bin;C:\Users\Manar\AppData\Local\Programs\Microsoft VS Code\bin;C:\Users\Manar\AppData\Local\Programs\Python\Python311;C:\Program Files\JetBrains\IntelliJ IDEA Community Edition 2023.2\bin;;C:\Users\Manar\AppData\Local\Programs\MiKTeX\miktex\bin\x64\;C:\Program Files\Azure Data Studio\bin;C:\Users\Manar\AppData\Roaming\npm;C:\Program Files\JetBrains\IntelliJ IDEA 2024.2.3\bin;;C:\Program Files\Java\javafx-sdk-23;;."/>
    <property name="java.vm.info" value="mixed mode, sharing"/>
    <property name="stderr.encoding" value="Cp1252"/>
    <property name="java.vendor" value="Oracle Corporation"/>
    <property name="java.vm.version" value="23+37-2369"/>
    <property name="sun.io.unicode.encoding" value="UnicodeLittle"/>
    <property name="java.class.version" value="67.0"/>
  </properties>
  <testcase name="setMooreNeighborHoodAusTorusAus" classname="de.krenbeh.gui.automaton.AutomatonTest" time="0.006"/>
  <testcase name="setMooreNeighborHoodAusTorusAn" classname="de.krenbeh.gui.automaton.AutomatonTest" time="0.002"/>
  <testcase name="testIsValidCell" classname="de.krenbeh.gui.automaton.AutomatonTest" time="0.001"/>
  <testcase name="testSetAndGetState" classname="de.krenbeh.gui.automaton.AutomatonTest" time="0.001"/>
  <testcase name="testTorusWrappingNeighbors" classname="de.krenbeh.gui.automaton.AutomatonTest" time="0.002"/>
  <testcase name="testChangeSizeIncrease" classname="de.krenbeh.gui.automaton.AutomatonTest" time="0.002"/>
  <testcase name="testNeighborMooreVsVonNeumann" classname="de.krenbeh.gui.automaton.AutomatonTest" time="0.002"/>
  <testcase name="testChangeSizeDecrease" classname="de.krenbeh.gui.automaton.AutomatonTest" time="0.001"/>
  <testcase name="testSetStateForRegion" classname="de.krenbeh.gui.automaton.AutomatonTest" time="0.001"/>
  <testcase name="testRandomPopulation" classname="de.krenbeh.gui.automaton.AutomatonTest" time="0.001"/>
  <testcase name="testClearPopulation" classname="de.krenbeh.gui.automaton.AutomatonTest" time="0.001"/>
  <testcase name="testStateTransitions" classname="de.krenbeh.gui.automaton.AutomatonTest" time="0.002"/>
  <testcase name="testInitialGridSize" classname="de.krenbeh.gui.automaton.AutomatonTest" time="0.001"/>
  <testcase name="testNextGeneration" classname="de.krenbeh.gui.automaton.AutomatonTest" time="0.002"/>
</testsuite>